<?xml version="1.0" encoding="UTF-8"?>
<!-- Generated by org.testng.reporters.JUnitXMLReporter -->
<testsuite hostname="DESKTOP-F5U5DKU" name="TestTwo" tests="3" failures="1" timestamp="19 Dec 2020 08:12:13 GMT" time="0.016" errors="0">
  <testcase name="testMethodFail" time="0.005" classname="com.grootan.steps.TestClassOne">
    <failure type="java.lang.AssertionError" message="expected [true] but found [false]">
      <![CDATA[java.lang.AssertionError: expected [true] but found [false]
	at com.grootan.steps.TestClassOne.testMethodFail(TestClassOne.java:39)
... Removed 28 stack frames]]>
    </failure>
  </testcase> <!-- testMethodFail -->
  <testcase name="testMethodPass" time="0.002" classname="com.grootan.steps.TestClassOne"/>
  <testcase name="testMethodSkip" time="0.003" classname="com.grootan.steps.TestClassOne">
    <skipped/>
  </testcase> <!-- testMethodSkip -->
</testsuite> <!-- TestTwo -->
