<?xml version="1.0" encoding="UTF-8"?>
<!-- Generated by org.testng.reporters.JUnitXMLReporter -->
<testsuite hostname="DESKTOP-F5U5DKU" name="TestOne" tests="3" failures="1" timestamp="19 Dec 2020 08:12:13 GMT" time="0.081" errors="0">
  <testcase name="testMethodFail" time="0.048" classname="com.grootan.steps.TestClassTwo">
    <failure type="java.lang.AssertionError" message="expected [true] but found [false]">
      <![CDATA[java.lang.AssertionError: expected [true] but found [false]
	at com.grootan.steps.TestClassTwo.testMethodFail(TestClassTwo.java:17)
... Removed 28 stack frames]]>
    </failure>
  </testcase> <!-- testMethodFail -->
  <testcase name="testMethodPass" time="0.0" classname="com.grootan.steps.TestClassTwo"/>
  <testcase name="testMethodSkip" time="0.001" classname="com.grootan.steps.TestClassTwo">
    <skipped/>
  </testcase> <!-- testMethodSkip -->
</testsuite> <!-- TestOne -->
